-------------------------------------------------------------------------------
Test set: tek.sdet.framework.runner.TestRunner
-------------------------------------------------------------------------------
Tests run: 1, Failures: 0, Errors: 1, Skipped: 0, Time elapsed: 0.943 s <<< FAILURE! - in tek.sdet.framework.runner.TestRunner
Sign In Feature.Verify user can sign in into Retail Application  Time elapsed: 0.262 s  <<< ERROR!
io.cucumber.junit.UndefinedStepException: 
The step 'User is on retail website' and 4 other step(s) are undefined.
You can implement these steps using the snippet(s) below:

@Given("User is on retail website")
public void userIsOnRetailWebsite() {
    // Write code here that turns the phrase above into concrete actions
    throw new io.cucumber.java.PendingException();
}
@When("User click on Sign in option")
public void userClickOnSignInOption() {
    // Write code here that turns the phrase above into concrete actions
    throw new io.cucumber.java.PendingException();
}
@When("User enter email {string} and password {string}")
public void userEnterEmailAndPassword(String string, String string2) {
    // Write code here that turns the phrase above into concrete actions
    throw new io.cucumber.java.PendingException();
}
@When("User click on login button")
public void userClickOnLoginButton() {
    // Write code here that turns the phrase above into concrete actions
    throw new io.cucumber.java.PendingException();
}
@Then("User should be logged in into Account")
public void userShouldBeLoggedInIntoAccount() {
    // Write code here that turns the phrase above into concrete actions
    throw new io.cucumber.java.PendingException();
}


